<?xml version="1.0" encoding="UTF-8"?>
<testng-results ignored="0" total="1" passed="1" failed="0" skipped="0">
  <reporter-output>
  </reporter-output>
  <suite started-at="2022-05-14T11:03:34 EEST" name="TestOne" finished-at="2022-05-14T11:03:34 EEST" duration-ms="34">
    <groups>
    </groups>
    <test started-at="2022-05-14T11:03:34 EEST" name="Command line test" finished-at="2022-05-14T11:03:34 EEST" duration-ms="34">
      <class name="TestOne">
        <test-method signature="doit()[pri:0, instance:TestOne@4450d156]" started-at="2022-05-14T11:03:34 EEST" name="doit" finished-at="2022-05-14T11:03:34 EEST" duration-ms="4" status="PASS">
          <reporter-output>
          </reporter-output>
        </test-method> <!-- doit -->
      </class> <!-- TestOne -->
    </test> <!-- Command line test -->
  </suite> <!-- TestOne -->
</testng-results>
